<?xml version="1.0" encoding="UTF-8"?>
<!-- Generated by org.testng.reporters.JUnitReportReporter -->
<testsuite hostname="DESKTOP-3MTQQQJ" failures="0" tests="1" name="test.UserInterfaceTestCase4" time="1.473" errors="0" timestamp="2023-11-16T22:08:03 BDT" skipped="0">
  <testcase classname="test.UserInterfaceTestCase4" name="testingUserinterfaceCase4" time="1.473"/>
</testsuite> <!-- test.UserInterfaceTestCase4 -->
