<?xml version="1.0" encoding="UTF-8"?>
<!-- Generated by org.testng.reporters.JUnitReportReporter -->
<testsuite hostname="DESKTOP-3MTQQQJ" failures="0" tests="1" name="test.TimerTest" time="4.578" errors="0" timestamp="2023-11-20T22:05:32 BDT" skipped="0">
  <testcase classname="test.TimerTest" name="verifyTimerStartValue" time="4.578"/>
</testsuite> <!-- test.TimerTest -->
