<?xml version="1.0" encoding="UTF-8"?>
<!-- Generated by org.testng.reporters.JUnitReportReporter -->
<testsuite hostname="DESKTOP-3MTQQQJ" failures="0" tests="1" name="test.RegistrationTest" time="4.457" errors="0" timestamp="2023-11-20T20:32:53 BDT" skipped="0">
  <testcase classname="test.RegistrationTest" name="verifyRegistration" time="4.457"/>
</testsuite> <!-- test.RegistrationTest -->
