<?xml version="1.0" encoding="UTF-8"?>
<!-- Generated by org.testng.reporters.JUnitReportReporter -->
<testsuite hostname="DESKTOP-3MTQQQJ" failures="0" tests="1" name="test.HideContentTest" time="1.926" errors="0" timestamp="2023-11-20T20:28:51 BDT" skipped="0">
  <testcase classname="test.HideContentTest" name="verifyHideTest" time="1.926"/>
</testsuite> <!-- test.HideContentTest -->
