<?xml version="1.0" encoding="UTF-8"?>
<!-- Generated by org.testng.reporters.JUnitReportReporter -->
<testsuite hostname="DESKTOP-3MTQQQJ" failures="0" tests="1" name="test.CookieTest" time="3.898" errors="0" timestamp="2023-11-20T20:28:02 BDT" skipped="0">
  <testcase classname="test.CookieTest" name="verifyCookieTest" time="3.898"/>
</testsuite> <!-- test.CookieTest -->
