<?xml version="1.0" encoding="UTF-8"?>
<!-- Generated by org.testng.reporters.JUnitReportReporter -->
<testsuite hostname="DESKTOP-3MTQQQJ" failures="0" tests="1" name="test.UserInterfaceTestCase3" time="3.549" errors="0" timestamp="2023-11-16T22:12:21 BDT" skipped="0">
  <testcase classname="test.UserInterfaceTestCase3" name="testingUserinterfaceCase3" time="3.549"/>
</testsuite> <!-- test.UserInterfaceTestCase3 -->
