<?xml version="1.0" encoding="UTF-8"?>
<!-- Generated by org.testng.reporters.JUnitReportReporter -->
<testsuite hostname="DESKTOP-3MTQQQJ" failures="0" tests="1" name="test.UserInterfaceTestCase1" time="4.561" errors="0" timestamp="2023-11-17T19:50:09 BDT" skipped="0">
  <testcase classname="test.UserInterfaceTestCase1" name="testingUserinterfaceCase1" time="4.561"/>
</testsuite> <!-- test.UserInterfaceTestCase1 -->
