<?xml version="1.0" encoding="UTF-8"?>
<!-- Generated by org.testng.reporters.JUnitReportReporter -->
<testsuite hostname="DESKTOP-3MTQQQJ" failures="0" tests="1" name="test.UserInterfaceTestCase2" time="1.657" errors="0" timestamp="2023-11-16T22:05:34 BDT" skipped="0">
  <testcase classname="test.UserInterfaceTestCase2" name="testingUserinterfaceCase2" time="1.657"/>
</testsuite> <!-- test.UserInterfaceTestCase2 -->
